[2017-08-10 20:40:27] START
[2017-08-10 20:40:49] CREATE aluno.py: 0
[2017-08-10 20:41:06] DELETE biblioteca/models/aluno.py: 0
[2017-08-10 21:01:15] EDIT biblioteca/models/db.py: 19
[2017-08-10 21:01:22] EDIT biblioteca/models/db.py: 0
[2017-08-10 21:04:19] EDIT biblioteca/controllers/default.py: 2
[2017-08-10 21:06:07] EDIT biblioteca/controllers/default.py: 0
[2017-08-10 21:08:43] EDIT biblioteca/controllers/default.py: 8
[2017-08-10 21:13:37] EDIT biblioteca/controllers/default.py: 8
[2017-08-10 21:14:06] EDIT biblioteca/controllers/default.py: 1
[2017-08-10 21:15:11] EDIT biblioteca/controllers/default.py: 0
[2017-08-10 21:16:05] CREATE valitadors.py: 0
[2017-08-10 21:19:19] EDIT biblioteca/models/valitadors.py: 10
[2017-08-10 21:22:11] EDIT biblioteca/controllers/default.py: 3
[2017-08-10 21:28:40] EDIT biblioteca/controllers/default.py: 11
[2017-08-10 21:40:10] EDIT biblioteca/controllers/default.py: 4
[2017-08-10 21:42:07] EDIT biblioteca/controllers/default.py: 0
[2017-08-10 21:44:02] EDIT biblioteca/controllers/default.py: 6
[2017-08-10 21:44:59] EDIT biblioteca/controllers/default.py: -3
[2017-08-10 21:46:37] EDIT biblioteca/controllers/default.py: 0
[2017-08-10 21:46:59] EDIT biblioteca/controllers/default.py: -3
[2017-08-10 21:48:41] EDIT biblioteca/controllers/default.py: -2
[2017-08-10 21:50:37] EDIT biblioteca/controllers/default.py: 2
[2017-08-10 22:05:26] EDIT biblioteca/controllers/default.py: -2
[2017-08-10 22:05:41] EDIT biblioteca/controllers/default.py: 1
[2017-08-10 22:06:23] EDIT biblioteca/controllers/default.py: 1
[2017-08-10 22:08:38] EDIT biblioteca/controllers/default.py: -3
[2017-08-10 22:16:43] EDIT biblioteca/controllers/default.py: 3
[2017-08-10 23:29:04] EDIT biblioteca/controllers/default.py: 2
[2017-08-10 23:29:42] EDIT biblioteca/controllers/default.py: 0
[2017-08-10 23:30:52] CREATE controleAdm.html: 0
[2017-08-10 23:31:26] EDIT biblioteca/controllers/default.py: -2
[2017-08-10 23:33:01] DELETE biblioteca/views/controleAdm.html: -3
[2017-08-10 23:56:48] EDIT biblioteca/controllers/default.py: 3
[2017-08-10 23:57:04] EDIT biblioteca/controllers/default.py: 0
[2017-08-11 00:07:51] EDIT biblioteca/controllers/default.py: 3
[2017-08-11 00:08:39] EDIT biblioteca/controllers/default.py: 0
[2017-08-11 00:09:05] EDIT biblioteca/controllers/default.py: 0
[2017-08-11 00:38:39] EDIT biblioteca/controllers/default.py: 0
[2017-08-11 00:39:12] EDIT biblioteca/controllers/default.py: 0
[2017-08-11 00:39:53] EDIT biblioteca/controllers/default.py: 0
[2017-08-11 00:55:11] EDIT biblioteca/controllers/default.py: 8
[2017-08-11 00:57:57] EDIT biblioteca/controllers/default.py: -8
[2017-08-11 01:03:03] EDIT biblioteca/controllers/default.py: 1
[2017-08-11 01:06:47] EDIT biblioteca/controllers/default.py: 0
[2017-08-11 01:09:50] EDIT biblioteca/controllers/default.py: 0
[2017-08-11 01:14:47] EDIT biblioteca/controllers/default.py: 0
[2017-08-11 01:16:50] EDIT biblioteca/models/db.py: 6
[2017-08-11 01:31:26] EDIT biblioteca/controllers/default.py: 6
[2017-08-11 01:35:14] EDIT biblioteca/controllers/default.py: 6
[2017-08-11 01:35:36] EDIT biblioteca/controllers/default.py: 0
[2017-08-11 01:35:43] EDIT biblioteca/controllers/default.py: 0
[2017-08-11 01:36:24] EDIT biblioteca/controllers/default.py: 0
[2017-08-11 01:36:31] EDIT biblioteca/controllers/default.py: -6
[2017-08-11 01:37:25] EDIT biblioteca/controllers/default.py: 6
[2017-08-11 01:38:24] EDIT biblioteca/controllers/default.py: 12
[2017-08-11 01:50:43] EDIT biblioteca/controllers/default.py: 0
[2017-08-11 03:28:49] EDIT biblioteca/controllers/default.py: 3
[2017-08-11 03:33:04] EDIT biblioteca/controllers/default.py: 12
[2017-08-11 03:33:08] EDIT biblioteca/controllers/default.py: 0
[2017-08-11 03:33:39] EDIT biblioteca/controllers/default.py: -4
[2017-08-11 03:37:25] EDIT biblioteca/controllers/default.py: 0
[2017-08-11 03:37:56] EDIT biblioteca/controllers/default.py: 0
[2017-08-11 03:39:07] EDIT biblioteca/controllers/default.py: -2
[2017-08-11 03:43:06] EDIT biblioteca/controllers/default.py: 2
[2017-08-11 03:44:34] EDIT biblioteca/controllers/default.py: 0
[2017-08-11 03:49:10] EDIT biblioteca/controllers/default.py: 0
[2017-08-11 03:50:58] EDIT biblioteca/controllers/default.py: -1
[2017-08-11 03:51:02] EDIT biblioteca/controllers/default.py: 0
[2017-08-11 03:55:14] EDIT biblioteca/controllers/default.py: 0
[2017-08-11 04:01:36] EDIT biblioteca/controllers/default.py: 15
[2017-08-11 04:04:20] EDIT biblioteca/controllers/default.py: 0
[2017-08-11 04:04:44] EDIT biblioteca/controllers/default.py: 0
[2017-08-11 04:05:09] EDIT biblioteca/controllers/default.py: 0
[2017-08-11 04:08:09] EDIT biblioteca/controllers/default.py: 0
[2017-08-11 04:10:19] EDIT biblioteca/controllers/default.py: 0
[2017-08-11 04:11:41] EDIT biblioteca/controllers/default.py: 0
[2017-08-11 04:12:35] EDIT biblioteca/controllers/default.py: 0
[2017-08-11 04:13:05] EDIT biblioteca/controllers/default.py: 0
[2017-08-11 04:21:43] EDIT biblioteca/controllers/default.py: -3
[2017-08-11 04:22:45] EDIT biblioteca/controllers/default.py: 3
[2017-08-11 04:45:08] EDIT biblioteca/models/db.py: 0
[2017-08-11 04:45:25] EDIT biblioteca/models/db.py: -1
[2017-08-11 04:46:15] EDIT biblioteca/models/db.py: 3
[2017-08-11 04:53:45] EDIT biblioteca/models/db.py: 0
[2017-08-14 19:56:48] EDIT biblioteca/controllers/default.py: 11
[2017-08-14 20:10:57] EDIT biblioteca/controllers/default.py: 17
[2017-08-14 20:11:14] EDIT biblioteca/controllers/default.py: 0
[2017-08-14 20:11:42] EDIT biblioteca/controllers/default.py: 0
[2017-08-14 20:24:27] EDIT biblioteca/controllers/default.py: 0
[2017-08-14 20:39:17] EDIT biblioteca/controllers/default.py: 0
[2017-08-14 20:40:13] EDIT biblioteca/controllers/default.py: 0
[2017-08-14 20:49:41] EDIT biblioteca/models/db.py: 1
[2017-08-14 20:51:42] EDIT biblioteca/models/valitadors.py: 1
[2017-08-14 20:53:26] EDIT biblioteca/models/valitadors.py: -1
[2017-08-14 20:53:42] EDIT biblioteca/models/valitadors.py: 1
[2017-08-14 20:54:48] EDIT biblioteca/models/valitadors.py: 0
[2017-08-14 20:56:59] EDIT biblioteca/controllers/default.py: 0
[2017-08-14 20:56:59] EDIT biblioteca/controllers/default.py: 0
[2017-08-14 20:57:00] EDIT biblioteca/controllers/default.py: 0
[2017-08-14 21:01:00] EDIT biblioteca/controllers/default.py: 0
[2017-08-14 21:01:00] EDIT biblioteca/controllers/default.py: 0
[2017-08-14 23:24:27] EDIT biblioteca/controllers/default.py: 0
[2017-08-14 23:24:56] EDIT biblioteca/controllers/default.py: 0
[2017-08-14 23:26:57] EDIT biblioteca/controllers/default.py: -26
[2017-08-14 23:30:13] EDIT biblioteca/controllers/default.py: 0
[2017-08-14 23:30:13] EDIT biblioteca/controllers/default.py: 0
[2017-08-14 23:30:19] EDIT biblioteca/controllers/default.py: 0
[2017-08-14 23:30:20] EDIT biblioteca/controllers/default.py: 0
[2017-08-14 23:30:43] EDIT biblioteca/controllers/default.py: 0
[2017-08-14 23:30:44] EDIT biblioteca/controllers/default.py: 0
[2017-08-14 23:30:45] EDIT biblioteca/controllers/default.py: 0
[2017-08-14 23:35:34] EDIT biblioteca/controllers/default.py: -3
[2017-08-14 23:35:34] EDIT biblioteca/controllers/default.py: 0
[2017-08-14 23:36:13] EDIT biblioteca/controllers/default.py: 0
[2017-08-14 23:36:14] EDIT biblioteca/controllers/default.py: 0
[2017-08-14 23:36:14] EDIT biblioteca/controllers/default.py: 0
[2017-08-14 23:38:00] EDIT biblioteca/controllers/default.py: 3
[2017-08-14 23:38:00] EDIT biblioteca/controllers/default.py: 0
[2017-08-14 23:40:21] EDIT biblioteca/controllers/default.py: -3
[2017-08-14 23:40:21] EDIT biblioteca/controllers/default.py: 0
[2017-08-14 23:40:21] EDIT biblioteca/controllers/default.py: 0
[2017-08-14 23:40:54] EDIT biblioteca/controllers/default.py: 3
[2017-08-14 23:40:54] EDIT biblioteca/controllers/default.py: 0
[2017-08-14 23:40:55] EDIT biblioteca/controllers/default.py: 0
[2017-08-14 23:42:23] EDIT biblioteca/controllers/default.py: -3
[2017-08-14 23:42:24] EDIT biblioteca/controllers/default.py: 0
[2017-08-14 23:42:24] EDIT biblioteca/controllers/default.py: 0
[2017-08-14 23:42:25] EDIT biblioteca/controllers/default.py: 0
[2017-08-14 23:42:25] EDIT biblioteca/controllers/default.py: 0
[2017-08-14 23:42:26] EDIT biblioteca/controllers/default.py: 0
[2017-08-14 23:42:28] EDIT biblioteca/controllers/default.py: 0
[2017-08-14 23:42:32] EDIT biblioteca/controllers/default.py: 0
[2017-08-14 23:42:32] EDIT biblioteca/controllers/default.py: 0
[2017-08-14 23:42:33] EDIT biblioteca/controllers/default.py: 0
[2017-08-14 23:46:36] EDIT biblioteca/controllers/default.py: 1
[2017-08-14 23:46:36] EDIT biblioteca/controllers/default.py: 0
[2017-08-14 23:50:33] EDIT biblioteca/controllers/default.py: 0
[2017-08-14 23:50:34] EDIT biblioteca/controllers/default.py: 0
[2017-08-14 23:50:34] EDIT biblioteca/controllers/default.py: 0
[2017-08-14 23:58:58] EDIT biblioteca/models/valitadors.py: 0
[2017-08-14 23:58:58] EDIT biblioteca/models/valitadors.py: 0
[2017-08-14 23:58:58] EDIT biblioteca/models/valitadors.py: 0
[2017-08-14 23:59:09] EDIT biblioteca/models/valitadors.py: 0
[2017-08-14 23:59:09] EDIT biblioteca/models/valitadors.py: 0
[2017-08-15 00:02:38] EDIT biblioteca/controllers/default.py: 11
[2017-08-15 00:02:38] EDIT biblioteca/controllers/default.py: 0
[2017-08-15 17:53:52] EDIT biblioteca/models/valitadors.py: -1
[2017-08-15 17:53:52] EDIT biblioteca/models/valitadors.py: 0
[2017-08-15 17:54:35] EDIT biblioteca/models/db.py: -1
[2017-08-15 17:54:35] EDIT biblioteca/models/db.py: 0
[2017-08-15 17:54:35] EDIT biblioteca/models/db.py: 0
[2017-08-15 18:00:26] EDIT biblioteca/models/db.py: 7
[2017-08-15 18:00:26] EDIT biblioteca/models/db.py: 0
[2017-08-15 18:00:26] EDIT biblioteca/models/db.py: 0
[2017-08-15 18:01:55] EDIT biblioteca/models/valitadors.py: 4
[2017-08-15 18:01:55] EDIT biblioteca/models/valitadors.py: 0
[2017-08-15 18:01:55] EDIT biblioteca/models/valitadors.py: 0
[2017-08-15 18:04:35] EDIT biblioteca/controllers/default.py: 30
[2017-08-15 18:04:48] EDIT biblioteca/controllers/default.py: 0
[2017-08-15 18:04:48] EDIT biblioteca/controllers/default.py: 0
[2017-08-15 18:04:48] EDIT biblioteca/controllers/default.py: 0
[2017-08-15 18:05:43] EDIT biblioteca/models/valitadors.py: 0
[2017-08-15 18:05:44] EDIT biblioteca/models/valitadors.py: 0
[2017-08-15 18:05:44] EDIT biblioteca/models/valitadors.py: 0
[2017-08-15 18:11:43] EDIT biblioteca/models/valitadors.py: 0
[2017-08-15 18:12:59] EDIT biblioteca/controllers/default.py: -3
[2017-08-15 18:12:59] EDIT biblioteca/controllers/default.py: 0
[2017-08-15 18:12:59] EDIT biblioteca/controllers/default.py: 0
[2017-08-15 18:12:59] EDIT biblioteca/controllers/default.py: 0
[2017-08-15 18:19:15] EDIT biblioteca/controllers/default.py: 0
[2017-08-15 18:19:28] EDIT biblioteca/controllers/default.py: 0
[2017-08-15 18:19:41] EDIT biblioteca/controllers/default.py: 0
[2017-08-15 18:19:41] EDIT biblioteca/controllers/default.py: 0
[2017-10-17 14:39:30] EDIT biblioteca/models/db.py: 4
[2017-10-17 14:51:49] EDIT biblioteca/models/db.py: -3
[2017-10-17 15:05:05] EDIT biblioteca/models/db.py: 14
[2017-10-17 15:10:40] EDIT biblioteca/models/db.py: 11
[2017-10-17 15:38:19] EDIT biblioteca/models/db.py: -12
[2017-10-17 15:38:19] EDIT biblioteca/models/db.py: 0
[2017-10-17 15:43:09] EDIT biblioteca/models/db.py: 0
[2017-10-17 15:43:12] EDIT biblioteca/models/valitadors.py: 8
[2017-10-17 16:44:28] EDIT biblioteca/models/valitadors.py: 9
[2017-10-17 16:44:29] EDIT biblioteca/models/db.py: -1
[2017-10-17 21:13:04] EDIT RAFA/models/db.py: 0
[2017-10-17 21:17:57] EDIT RAFA/controllers/default.py: -45
[2017-10-17 21:35:21] EDIT RAFA/controllers/default.py: 1
[2017-10-17 21:35:23] EDIT RAFA/models/db.py: 0
[2017-10-17 21:36:27] DELETE RAFA/views/default/controleAdm.html: -64
[2017-10-17 21:44:04] EDIT RAFA/controllers/default.py: -3
[2017-10-17 21:44:17] EDIT RAFA/controllers/default.py: 0
[2017-10-17 21:45:32] EDIT RAFA/views/default/ver_carros.html: -56
[2017-10-17 21:52:33] EDIT RAFA/models/db.py: 0
[2017-10-17 21:53:19] EDIT RAFA/models/db.py: 0
[2017-10-17 21:56:11] EDIT RAFA/models/db.py: 0
[2017-10-17 22:00:44] EDIT RAFA/models/db.py: -3
[2017-10-17 22:01:07] EDIT RAFA/models/db.py: 3
[2017-10-17 22:01:50] EDIT RAFA/models/db.py: 0
[2017-10-17 22:02:52] EDIT RAFA/models/db.py: 0
[2017-10-17 22:03:30] EDIT RAFA/models/db.py: 0
[2017-10-17 22:04:23] EDIT RAFA/models/db.py: 0
[2017-10-17 22:04:39] EDIT RAFA/models/db.py: 0
[2017-10-17 22:05:10] EDIT RAFA/models/db.py: 0
[2017-10-17 22:05:30] EDIT RAFA/models/db.py: 0
[2017-10-17 22:05:59] EDIT RAFA/models/db.py: 0
[2017-10-17 22:06:43] EDIT RAFA/models/db.py: 0
[2017-10-17 22:06:43] EDIT RAFA/models/db.py: 0
[2017-10-17 22:07:53] EDIT RAFA/models/db.py: 0
[2017-10-17 22:07:53] EDIT RAFA/models/db.py: 0
[2017-10-17 22:09:21] EDIT RAFA/models/valitadors.py: 0
[2017-10-17 22:09:21] EDIT RAFA/models/valitadors.py: 0
[2017-10-17 22:09:44] EDIT RAFA/models/valitadors.py: 0
[2017-10-17 22:09:44] EDIT RAFA/models/valitadors.py: 0
[2017-10-17 22:10:27] EDIT RAFA/models/valitadors.py: 0
[2017-10-17 22:10:28] EDIT RAFA/models/valitadors.py: 0
[2017-10-17 22:11:12] EDIT RAFA/models/valitadors.py: 0
[2017-10-17 22:19:43] EDIT RAFA/controllers/default.py: -3
[2017-10-17 22:19:43] EDIT RAFA/controllers/default.py: 0
[2017-10-17 22:20:38] EDIT RAFA/controllers/default.py: 0
[2017-10-17 22:20:58] EDIT RAFA/controllers/default.py: 0
[2017-10-17 22:21:02] EDIT RAFA/controllers/default.py: 0
[2017-10-19 14:12:19] EDIT RAFA/views/layout.html: -49
[2017-10-19 14:16:04] EDIT RAFA/views/layout.html: -39
[2017-10-19 14:16:43] EDIT RAFA/views/layout.html: 0
[2017-10-19 14:17:35] EDIT RAFA/views/layout.html: 0
[2017-10-19 14:18:28] EDIT RAFA/views/layout.html: 0
[2017-10-19 14:19:10] EDIT RAFA/views/layout.html: 39
